Arguments: 
  C:\Program Files\nodejs\node.exe C:\Users\julia\AppData\Roaming\npm\node_modules\yarn\bin\yarn.js init =y

PATH: 
  C:\Python39\Scripts\;C:\Python39\;C:\Users\julia\AppData\Local\Programs\Python\Python35\Lib\site-packages\PyQt5;C:\Python310\Scripts\;C:\Python310\;C:\WINDOWS\system32;C:\WINDOWS;C:\WINDOWS\System32\Wbem;C:\WINDOWS\System32\WindowsPowerShell\v1.0\;C:\WINDOWS\System32\OpenSSH\;C:\Program Files\dotnet\;C:\Program Files\Microsoft SQL Server\130\Tools\Binn\;C:\Program Files\Microsoft SQL Server\Client SDK\ODBC\170\Tools\Binn\;C:\Program Files\Git\cmd;C:\Program Files (x86)\Microsoft SQL Server\150\Tools\Binn\;C:\Program Files\Microsoft SQL Server\150\Tools\Binn\;C:\Program Files\Microsoft SQL Server\150\DTS\Binn\;C:\Program Files (x86)\dotnet\;C:\ProgramData\chocolatey\bin;C:\Program Files\Java\jdk1.8.0_211\bin;C:\Android\SDK\emulator;C:\Android\SDK\tools;C:\Android\SDK\tools\bin;C:\Android\SDK\platform-tools;C:\Program Files\nodejs\;C:\Ruby30-x64\bin;C:\Users\julia\AppData\Local\Microsoft\WindowsApps;C:\Users\julia\.dotnet\tools;C:\Users\julia\AppData\Local\Programs\Microsoft VS Code\bin;C:\Program Files\heroku\bin;C:\flutter\bin;C:\Users\julia\Downloads\php-7.4.14-nts-Win32-vc15-x64;C:\Program Files\JetBrains\PyCharm Community Edition 2021.1.2\bin;;C:\Python39;C:\Python39\Scripts;C:\Users\julia\AppData\Roaming\npm

Yarn version: 
  1.22.10

Node version: 
  16.14.2

Platform: 
  win32 x64

Trace: 
  Error: canceled
      at Interface.<anonymous> (C:\Users\julia\AppData\Roaming\npm\node_modules\yarn\lib\cli.js:136216:13)
      at Interface.emit (node:events:526:28)
      at Interface._ttyWrite (node:readline:1081:16)
      at ReadStream.onkeypress (node:readline:288:10)
      at ReadStream.emit (node:events:526:28)
      at emitKeys (node:internal/readline/utils:358:14)
      at emitKeys.next (<anonymous>)
      at ReadStream.onData (node:internal/readline/emitKeypressEvents:61:36)
      at ReadStream.emit (node:events:526:28)
      at addChunk (node:internal/streams/readable:315:12)

npm manifest: 
  No manifest

yarn manifest: 
  No manifest

Lockfile: 
  No lockfile
